0 info it worked if it ends with ok
1 verbose cli [ '/Users/aas/.nvm/versions/node/v7.4.0/bin/node',
1 verbose cli   '/Users/aas/.nvm/versions/node/v7.4.0/bin/npm',
1 verbose cli   'start' ]
2 info using npm@4.0.5
3 info using node@v7.4.0
4 verbose run-script [ 'prestart', 'start', 'poststart' ]
5 info lifecycle Academy.React@1.0.0~prestart: Academy.React@1.0.0
6 silly lifecycle Academy.React@1.0.0~prestart: no script for prestart, continuing
7 info lifecycle Academy.React@1.0.0~start: Academy.React@1.0.0
8 verbose lifecycle Academy.React@1.0.0~start: unsafe-perm in lifecycle true
9 verbose lifecycle Academy.React@1.0.0~start: PATH: /Users/aas/.nvm/versions/node/v7.4.0/lib/node_modules/npm/bin/node-gyp-bin:/Users/aas/Desktop/Github/React.Doodles/node_modules/.bin:/Users/aas/.nvm/versions/node/v7.4.0/bin:/usr/local/bin:/usr/bin:/bin:/usr/sbin:/sbin:/opt/X11/bin:/Users/aas/.vimpkg/bin:/Users/aas/depot_tools:/usr/local/bin/npm:/Users/aas/.fzf/bin
10 verbose lifecycle Academy.React@1.0.0~start: CWD: /Users/aas/Desktop/Github/React.Doodles
11 silly lifecycle Academy.React@1.0.0~start: Args: [ '-c', 'webpack-dev-server' ]
12 silly lifecycle Academy.React@1.0.0~start: Returned: code: 1  signal: null
13 info lifecycle Academy.React@1.0.0~start: Failed to exec start script
14 verbose stack Error: Academy.React@1.0.0 start: `webpack-dev-server`
14 verbose stack Exit status 1
14 verbose stack     at EventEmitter.<anonymous> (/Users/aas/.nvm/versions/node/v7.4.0/lib/node_modules/npm/lib/utils/lifecycle.js:279:16)
14 verbose stack     at emitTwo (events.js:106:13)
14 verbose stack     at EventEmitter.emit (events.js:191:7)
14 verbose stack     at ChildProcess.<anonymous> (/Users/aas/.nvm/versions/node/v7.4.0/lib/node_modules/npm/lib/utils/spawn.js:40:14)
14 verbose stack     at emitTwo (events.js:106:13)
14 verbose stack     at ChildProcess.emit (events.js:191:7)
14 verbose stack     at maybeClose (internal/child_process.js:885:16)
14 verbose stack     at Process.ChildProcess._handle.onexit (internal/child_process.js:226:5)
15 verbose pkgid Academy.React@1.0.0
16 verbose cwd /Users/aas/Desktop/Github/React.Doodles
17 error Darwin 15.0.0
18 error argv "/Users/aas/.nvm/versions/node/v7.4.0/bin/node" "/Users/aas/.nvm/versions/node/v7.4.0/bin/npm" "start"
19 error node v7.4.0
20 error npm  v4.0.5
21 error code ELIFECYCLE
22 error Academy.React@1.0.0 start: `webpack-dev-server`
22 error Exit status 1
23 error Failed at the Academy.React@1.0.0 start script 'webpack-dev-server'.
23 error Make sure you have the latest version of node.js and npm installed.
23 error If you do, this is most likely a problem with the Academy.React package,
23 error not with npm itself.
23 error Tell the author that this fails on your system:
23 error     webpack-dev-server
23 error You can get information on how to open an issue for this project with:
23 error     npm bugs Academy.React
23 error Or if that isn't available, you can get their info via:
23 error     npm owner ls Academy.React
23 error There is likely additional logging output above.
24 verbose exit [ 1, true ]
